<?xml version="1.0" encoding="UTF-8"?>
<coverage generated="1739898292147" clover="3.2.0">
  <project timestamp="1739898292147" name="All files">
    <metrics statements="14" coveredstatements="14" conditionals="1" coveredconditionals="1" methods="2" coveredmethods="2" elements="17" coveredelements="17" complexity="0" loc="14" ncloc="14" packages="1" files="1" classes="1"/>
    <file name="p_1079.ts" path="/home/mbougarne/devsapps/leetcode-problems/javascript/src/problems/p_1079.ts">
      <metrics statements="14" coveredstatements="14" conditionals="1" coveredconditionals="1" methods="2" coveredmethods="2"/>
      <line num="1" count="1" type="stmt"/>
      <line num="2" count="3" type="stmt"/>
      <line num="4" count="3" type="stmt"/>
      <line num="5" count="7" type="stmt"/>
      <line num="8" count="3" type="stmt"/>
      <line num="10" count="3" type="stmt"/>
      <line num="11" count="27" type="stmt"/>
      <line num="12" count="702" type="cond" truecount="1" falsecount="0"/>
      <line num="13" count="24" type="stmt"/>
      <line num="14" count="24" type="stmt"/>
      <line num="15" count="24" type="stmt"/>
      <line num="16" count="24" type="stmt"/>
      <line num="21" count="3" type="stmt"/>
      <line num="23" count="3" type="stmt"/>
    </file>
  </project>
</coverage>
